<?xml version="1.0" encoding="UTF-8"?>
<!-- Generated by org.testng.reporters.JUnitReportReporter -->
<testsuite hostname="DESKTOP-G2OQHS4" failures="0" tests="1" name="BatchExecution.FlipkartIphone1" time="29.071" errors="0" timestamp="12 May 2024 13:31:42 GMT" skipped="0">
  <testcase classname="BatchExecution.FlipkartIphone1" name="script" time="29.071"/>
</testsuite> <!-- BatchExecution.FlipkartIphone1 -->
