<?xml version="1.0" encoding="UTF-8"?>
<!-- Generated by org.testng.reporters.JUnitReportReporter -->
<testsuite hostname="DESKTOP-G2OQHS4" failures="0" tests="1" name="BatchExecution.NetflixLoginPage" time="42.062" errors="0" timestamp="12 May 2024 13:31:42 GMT" skipped="0">
  <testcase classname="BatchExecution.NetflixLoginPage" name="script" time="42.062"/>
</testsuite> <!-- BatchExecution.NetflixLoginPage -->
