<?xml version="1.0" encoding="UTF-8"?>
<!-- Generated by org.testng.reporters.JUnitReportReporter -->
<testsuite hostname="DESKTOP-G2OQHS4" failures="0" tests="1" name="BatchExecution.MyntraScanner" time="47.165" errors="0" timestamp="19 Apr 2024 14:03:08 GMT" skipped="0">
  <testcase classname="BatchExecution.MyntraScanner" name="script" time="47.165"/>
</testsuite> <!-- BatchExecution.MyntraScanner -->
