<?xml version="1.0" encoding="UTF-8"?>
<!-- Generated by org.testng.reporters.JUnitReportReporter -->
<testsuite hostname="DESKTOP-G2OQHS4" failures="0" tests="1" name="BatchExecution.Scan" time="99.041" errors="0" timestamp="19 Apr 2024 06:37:25 GMT" skipped="0">
  <testcase classname="BatchExecution.Scan" name="script" time="99.041"/>
</testsuite> <!-- BatchExecution.Scan -->
